<?xml version="1.0" encoding="UTF-8"?>
<!-- Generated by org.testng.reporters.JUnitReportReporter -->
<testsuite hostname="DESKTOP-33PO4PG" failures="0" tests="1" name="runner.Runner" time="14.521" errors="0" timestamp="2023-10-20T03:18:45 MDT" skipped="0">
  <testcase classname="runner.Runner" name="runScenario" time="14.521"/>
</testsuite> <!-- runner.Runner -->
