<?xml version="1.0" encoding="UTF-8"?>
<!-- Generated by org.testng.reporters.JUnitReportReporter -->
<testsuite hostname="DESKTOP-33PO4PG" failures="0" tests="2" name="tests.LoginTestDemo" time="45.799" errors="0" timestamp="2023-10-20T02:04:38 MDT" skipped="0">
  <testcase classname="tests.LoginTestDemo" name="loginTest" time="21.818"/>
  <testcase classname="tests.LoginTestDemo" name="loginTest" time="23.981"/>
</testsuite> <!-- tests.LoginTestDemo -->
