<?xml version="1.0" encoding="UTF-8"?>
<!-- Generated by org.testng.reporters.JUnitReportReporter -->
<testsuite hostname="DESKTOP-33PO4PG" failures="0" tests="1" name="tests.Threetest" time="19.927" errors="0" timestamp="2023-10-20T02:04:38 MDT" skipped="0">
  <testcase classname="tests.Threetest" name="testThree" time="19.927"/>
</testsuite> <!-- tests.Threetest -->
