<?xml version="1.0" encoding="UTF-8"?>
<!-- Generated by org.testng.reporters.JUnitReportReporter -->
<testsuite hostname="DESKTOP-33PO4PG" failures="0" tests="2" name="tests.LoginTestDemo" time="35.730" errors="0" timestamp="2023-10-19T00:51:23 MDT" skipped="0">
  <testcase classname="tests.LoginTestDemo" name="loginTest" time="26.527"/>
  <testcase classname="tests.LoginTestDemo" name="loginTest" time="9.203"/>
</testsuite> <!-- tests.LoginTestDemo -->
