<?xml version="1.0" encoding="UTF-8"?>
<!-- Generated by org.testng.reporters.JUnitReportReporter -->
<testsuite hostname="DESKTOP-33PO4PG" failures="0" tests="1" name="runner.Runner" time="20.901" errors="0" timestamp="2023-10-20T03:23:44 MDT" skipped="0">
  <testcase classname="runner.Runner" name="runScenario" time="20.901"/>
</testsuite> <!-- runner.Runner -->
