<?xml version="1.0" encoding="UTF-8"?>
<!-- Generated by org.testng.reporters.JUnitReportReporter -->
<testsuite hostname="DESKTOP-33PO4PG" failures="0" tests="1" name="tests.Twotest" time="0.001" errors="0" timestamp="2023-10-19T00:51:23 MDT" skipped="0">
  <testcase classname="tests.Twotest" name="testTwo" time="0.001"/>
</testsuite> <!-- tests.Twotest -->
